# JRE version: Java(TM) SE Runtime Environment (17.0.3.1+2) (build 17.0.3.1+2-LTS-6)
# Java VM: Java HotSpot(TM) 64-Bit Server VM (17.0.3.1+2-LTS-6, mixed mode, sharing, tiered, compressed oops, compressed class ptrs, g1 gc, windows-amd64)
GC Precious Log:
 CPUs: 4 total, 4 available
 Memory: 16208M
 Large Page Support: Disabled
 NUMA Support: Disabled
 Compressed Oops: Enabled (Zero based)
 Heap Region Size: 2M
 Heap Min Capacity: 8M
 Heap Initial Capacity: 254M
 Heap Max Capacity: 4054M
 Pre-touch: Disabled
 Parallel Workers: 4
 Concurrent Workers: 1
 Concurrent Refinement Workers: 4
 Periodic GC: Disabled
Heap:
 garbage-first heap   total 294912K, used 64546K [0x0000000702a00000, 0x0000000800000000)
  region size 2048K, 7 young (14336K), 4 survivors (8192K)
 Metaspace       used 60206K, committed 60608K, reserved 1105920K
  class space    used 7546K, committed 7744K, reserved 1048576K
GC Heap History (20 events):
Event: 6.922 GC heap before
{Heap before GC invocations=9 (full 0):
 garbage-first heap   total 100352K, used 75949K [0x0000000702a00000, 0x0000000800000000)
  region size 2048K, 24 young (49152K), 2 survivors (4096K)
 Metaspace       used 27816K, committed 28160K, reserved 1081344K
  class space    used 3192K, committed 3328K, reserved 1048576K
}
Event: 6.930 GC heap after
{Heap after GC invocations=10 (full 0):
 garbage-first heap   total 100352K, used 33516K [0x0000000702a00000, 0x0000000800000000)
  region size 2048K, 3 young (6144K), 3 survivors (6144K)
 Metaspace       used 27816K, committed 28160K, reserved 1081344K
  class space    used 3192K, committed 3328K, reserved 1048576K
}
Event: 7.642 GC heap before
{Heap before GC invocations=10 (full 0):
 garbage-first heap   total 100352K, used 78572K [0x0000000702a00000, 0x0000000800000000)
  region size 2048K, 25 young (51200K), 3 survivors (6144K)
 Metaspace       used 30084K, committed 30336K, reserved 1081344K
  class space    used 3578K, committed 3712K, reserved 1048576K
}
Event: 7.653 GC heap after
{Heap after GC invocations=11 (full 0):
 garbage-first heap   total 100352K, used 35611K [0x0000000702a00000, 0x0000000800000000)
  region size 2048K, 3 young (6144K), 3 survivors (6144K)
 Metaspace       used 30084K, committed 30336K, reserved 1081344K
  class space    used 3578K, committed 3712K, reserved 1048576K
}
Event: 8.316 GC heap before
{Heap before GC invocations=11 (full 0):
 garbage-first heap   total 100352K, used 78619K [0x0000000702a00000, 0x0000000800000000)
  region size 2048K, 24 young (49152K), 3 survivors (6144K)
 Metaspace       used 32987K, committed 33344K, reserved 1081344K
  class space    used 3979K, committed 4160K, reserved 1048576K
}
Event: 8.329 GC heap after
{Heap after GC invocations=12 (full 0):
 garbage-first heap   total 200704K, used 38227K [0x0000000702a00000, 0x0000000800000000)
  region size 2048K, 3 young (6144K), 3 survivors (6144K)
 Metaspace       used 32987K, committed 33344K, reserved 1081344K
  class space    used 3979K, committed 4160K, reserved 1048576K
}
Event: 8.965 GC heap before
{Heap before GC invocations=12 (full 0):
 garbage-first heap   total 200704K, used 81235K [0x0000000702a00000, 0x0000000800000000)
  region size 2048K, 25 young (51200K), 3 survivors (6144K)
 Metaspace       used 35589K, committed 35968K, reserved 1081344K
  class space    used 4281K, committed 4480K, reserved 1048576K
}
Event: 8.972 GC heap after
{Heap after GC invocations=13 (full 0):
 garbage-first heap   total 200704K, used 40583K [0x0000000702a00000, 0x0000000800000000)
  region size 2048K, 4 young (8192K), 4 survivors (8192K)
 Metaspace       used 35589K, committed 35968K, reserved 1081344K
  class space    used 4281K, committed 4480K, reserved 1048576K
}
Event: 10.310 GC heap before
{Heap before GC invocations=14 (full 0):
 garbage-first heap   total 151552K, used 122503K [0x0000000702a00000, 0x0000000800000000)
  region size 2048K, 44 young (90112K), 4 survivors (8192K)
 Metaspace       used 40567K, committed 40960K, reserved 1089536K
  class space    used 4984K, committed 5184K, reserved 1048576K
}
Event: 10.321 GC heap after
{Heap after GC invocations=15 (full 0):
 garbage-first heap   total 151552K, used 45893K [0x0000000702a00000, 0x0000000800000000)
  region size 2048K, 6 young (12288K), 6 survivors (12288K)
 Metaspace       used 40567K, committed 40960K, reserved 1089536K
  class space    used 4984K, committed 5184K, reserved 1048576K
}
Event: 10.340 GC heap before
{Heap before GC invocations=15 (full 0):
 garbage-first heap   total 151552K, used 47941K [0x0000000702a00000, 0x0000000800000000)
  region size 2048K, 7 young (14336K), 6 survivors (12288K)
 Metaspace       used 40769K, committed 41152K, reserved 1089536K
  class space    used 4993K, committed 5184K, reserved 1048576K
}
Event: 10.348 GC heap after
{Heap after GC invocations=16 (full 0):
 garbage-first heap   total 151552K, used 46485K [0x0000000702a00000, 0x0000000800000000)
  region size 2048K, 1 young (2048K), 1 survivors (2048K)
 Metaspace       used 40769K, committed 41152K, reserved 1089536K
  class space    used 4993K, committed 5184K, reserved 1048576K
}
Event: 11.788 GC heap before
{Heap before GC invocations=16 (full 0):
 garbage-first heap   total 151552K, used 120213K [0x0000000702a00000, 0x0000000800000000)
  region size 2048K, 37 young (75776K), 1 survivors (2048K)
 Metaspace       used 48405K, committed 48832K, reserved 1097728K
  class space    used 5893K, committed 6144K, reserved 1048576K
}
Event: 11.794 GC heap after
{Heap after GC invocations=17 (full 0):
 garbage-first heap   total 151552K, used 49619K [0x0000000702a00000, 0x0000000800000000)
  region size 2048K, 3 young (6144K), 3 survivors (6144K)
 Metaspace       used 48405K, committed 48832K, reserved 1097728K
  class space    used 5893K, committed 6144K, reserved 1048576K
}
Event: 12.456 GC heap before
{Heap before GC invocations=17 (full 0):
 garbage-first heap   total 151552K, used 121299K [0x0000000702a00000, 0x0000000800000000)
  region size 2048K, 38 young (77824K), 3 survivors (6144K)
 Metaspace       used 53060K, committed 53504K, reserved 1097728K
  class space    used 6571K, committed 6784K, reserved 1048576K
}
Event: 12.465 GC heap after
{Heap after GC invocations=18 (full 0):
 garbage-first heap   total 151552K, used 53390K [0x0000000702a00000, 0x0000000800000000)
  region size 2048K, 5 young (10240K), 5 survivors (10240K)
 Metaspace       used 53060K, committed 53504K, reserved 1097728K
  class space    used 6571K, committed 6784K, reserved 1048576K
}
Event: 13.287 GC heap before
{Heap before GC invocations=18 (full 0):
 garbage-first heap   total 151552K, used 120974K [0x0000000702a00000, 0x0000000800000000)
  region size 2048K, 38 young (77824K), 5 survivors (10240K)
 Metaspace       used 57381K, committed 57792K, reserved 1105920K
  class space    used 7206K, committed 7424K, reserved 1048576K
}
Event: 13.297 GC heap after
{Heap after GC invocations=19 (full 0):
 garbage-first heap   total 151552K, used 58563K [0x0000000702a00000, 0x0000000800000000)
  region size 2048K, 5 young (10240K), 5 survivors (10240K)
 Metaspace       used 57381K, committed 57792K, reserved 1105920K
  class space    used 7206K, committed 7424K, reserved 1048576K
}
Event: 13.743 GC heap before
{Heap before GC invocations=19 (full 0):
 garbage-first heap   total 151552K, used 97475K [0x0000000702a00000, 0x0000000800000000)
  region size 2048K, 25 young (51200K), 5 survivors (10240K)
 Metaspace       used 59849K, committed 60288K, reserved 1105920K
  class space    used 7507K, committed 7744K, reserved 1048576K
}
Event: 13.753 GC heap after
{Heap after GC invocations=20 (full 0):
 garbage-first heap   total 294912K, used 60450K [0x0000000702a00000, 0x0000000800000000)
  region size 2048K, 4 young (8192K), 4 survivors (8192K)
 Metaspace       used 59849K, committed 60288K, reserved 1105920K
  class space    used 7507K, committed 7744K, reserved 1048576K
}

